Commit: Assistant checkpoint: Update all files for EasyPanel deployment compatibility

Assistant generated file changes:
- server/db.ts: Update database connection for EasyPanel
- server/database-init.ts: Update database initialization for EasyPanel
- server/index.ts: Update server configuration for EasyPanel deployment
- Dockerfile: Update Dockerfile for EasyPanel deployment
- shared/schema.ts: Add missing columns to schema for EasyPanel
- server/storage.ts: Fix getSiteSettings method for EasyPanel
- .env.example: Add environment variables example for EasyPanel
- server/routes.ts: Update routes for EasyPanel compatibility
Update routes for EasyPanel compatibility
- server/seed.ts: Update seed data for EasyPanel
- server/migrate.ts: Add database migration script for EasyPanel
- client/src/lib/api.ts: Update API configuration for EasyPanel

---

User prompt:

O deploy deste site será realizado no Easypanel utilizando o repositório do GitHub, com construção via Nixpacks. Os comandos de instalação, build e start já estão configurados no Easypanel, assim como as variáveis de ambiente necessárias para o funcionamento do projeto.

Relatório informativo:
Fonte: https://github.com/workspacemrqz/RotaCaicara
Construção: Dockerfile
Caminho do Dockerfile: Dockerfile (na raiz do projeto)

Variáveis de ambiente que fica em um arquivo .env na raiz do projeto:
DATABASE_URL=postgres://mrqz:@Workspacen8n@easypanel.evolutionmanagerevolutia.space:5434/rotacaicara?sslmode=disable
NODE_ENV=production
SESSION_SECRET=8f9a2b1c3d4e5f6g7h8i9j0k1l2m3n4o5p6q7r8s9t0u1v2w3x4y5
PORT=3100

Por favor, atualize tudo o que for necessário para que o deploy funcione no EasyPanel, alterando Dockerfile, .dockerignore, package.json, tsconfig.json, vite.config.ts, shared/schema.ts, server/index.ts, server/vite.ts, server/storage.ts, server/seed.ts e quaisquer outros arquivos ou pastas já analisados, inclusive client e shared, e analise mais itens além dos mencionados. Se precisar modificar, alterar, adicionar ou excluir arquivos você tem minha total autorização.

Replit-Commit-Author: Assistant
Replit-Commit-Session-Id: 59208048-aacd-44a3-afd1-565f662cbe6f 
##########################################
### Download Github Archive Started...
### Sat, 05 Jul 2025 15:32:12 GMT
##########################################

#0 building with "default" instance using docker driver

#1 [internal] load build definition from Dockerfile
#1 transferring dockerfile: 1.68kB done
#1 DONE 0.0s

#2 [internal] load metadata for docker.io/library/node:20-alpine
#2 DONE 0.9s

#3 [internal] load .dockerignore
#3 transferring context: 640B done
#3 DONE 0.0s

#4 [build 1/8] FROM docker.io/library/node:20-alpine@sha256:674181320f4f94582c6182eaa151bf92c6744d478be0f1d12db804b7d59b2d11
#4 DONE 0.0s

#5 [internal] load build context
#5 transferring context: 1.99MB 0.1s done
#5 DONE 0.1s

#6 [build 2/8] WORKDIR /app
#6 CACHED

#7 [build 3/8] RUN apk add --no-cache curl
#7 CACHED

#8 [build 4/8] COPY package*.json ./
#8 CACHED

#9 [build 5/8] RUN npm ci && npm cache clean --force
#9 CACHED

#10 [build 6/8] COPY . .
#10 DONE 0.1s

#11 [production  5/10] RUN npm ci --omit=dev && npm cache clean --force
#11 ...

#12 [build 7/8] RUN npm run build
#12 0.433 
#12 0.433 > rest-express@1.0.0 build
#12 0.433 > npm run check && npm run build:client && npm run build:server
#12 0.433 
#12 0.643 
#12 0.643 > rest-express@1.0.0 check
#12 0.643 > tsc
#12 0.643 
#12 27.32 server/db.ts(2,22): error TS2307: Cannot find module 'postgres' or its corresponding type declarations.
#12 27.32 server/migrate.ts(4,22): error TS2307: Cannot find module 'postgres' or its corresponding type declarations.
#12 27.32 server/storage.ts(657,13): error TS2741: Property 'order' is missing in type '{ id: number; name: string; slug: string; icon: string; color: string; backgroundImage: null; active: boolean; }' but required in type '{ id: number; name: string; slug: string; icon: string; color: string; backgroundImage: string | null; active: boolean | null; order: number; }'.
#12 27.32 server/storage.ts(768,7): error TS2353: Object literal may only specify known properties, and 'whatsapp' does not exist in type '{ id: number; phone: string; address: string; email: string; contactEmail: string | null; locality: string; headline1: string; headline2: string; headline3: string; headline4: string; tagline1: string; ... 26 more ...; updatedAt: Date | null; }'.
#12 27.32 server/storage.ts(838,11): error TS2739: Type '{ id: number; name: string; slug: string; icon: string; backgroundImage: string | null; active: boolean; }' is missing the following properties from type '{ id: number; name: string; slug: string; icon: string; color: string; backgroundImage: string | null; active: boolean | null; order: number; }': color, order
#12 27.32 server/storage.ts(935,11): error TS2322: Type '{ id: number; instagram: string | null; facebook: string | null; contactEmail: string | null; imageUrl: string | null; processed: false; description: string; phone: string; whatsapp: string; address: string; categoryId: number; businessName: string; createdAt?: Date | ... 1 more ... | undefined; }' is not assignable to type '{ id: number; description: string; phone: string; whatsapp: string; address: string; instagram: string | null; facebook: string | null; categoryId: number; imageUrl: string | null; businessName: string; contactEmail: string | null; processed: boolean | null; createdAt: Date | null; }'.
#12 27.32   Types of property 'createdAt' are incompatible.
#12 27.32     Type 'Date | null | undefined' is not assignable to type 'Date | null'.
#12 27.32       Type 'undefined' is not assignable to type 'Date | null'.
#12 ERROR: process "/bin/sh -c npm run build" did not complete successfully: exit code: 2

#11 [production  5/10] RUN npm ci --omit=dev && npm cache clean --force
#11 CANCELED
------
 > [build 7/8] RUN npm run build:
0.643 
27.32 server/db.ts(2,22): error TS2307: Cannot find module 'postgres' or its corresponding type declarations.
27.32 server/migrate.ts(4,22): error TS2307: Cannot find module 'postgres' or its corresponding type declarations.
27.32 server/storage.ts(657,13): error TS2741: Property 'order' is missing in type '{ id: number; name: string; slug: string; icon: string; color: string; backgroundImage: null; active: boolean; }' but required in type '{ id: number; name: string; slug: string; icon: string; color: string; backgroundImage: string | null; active: boolean | null; order: number; }'.
27.32 server/storage.ts(768,7): error TS2353: Object literal may only specify known properties, and 'whatsapp' does not exist in type '{ id: number; phone: string; address: string; email: string; contactEmail: string | null; locality: string; headline1: string; headline2: string; headline3: string; headline4: string; tagline1: string; ... 26 more ...; updatedAt: Date | null; }'.
27.32 server/storage.ts(838,11): error TS2739: Type '{ id: number; name: string; slug: string; icon: string; backgroundImage: string | null; active: boolean; }' is missing the following properties from type '{ id: number; name: string; slug: string; icon: string; color: string; backgroundImage: string | null; active: boolean | null; order: number; }': color, order
27.32 server/storage.ts(935,11): error TS2322: Type '{ id: number; instagram: string | null; facebook: string | null; contactEmail: string | null; imageUrl: string | null; processed: false; description: string; phone: string; whatsapp: string; address: string; categoryId: number; businessName: string; createdAt?: Date | ... 1 more ... | undefined; }' is not assignable to type '{ id: number; description: string; phone: string; whatsapp: string; address: string; instagram: string | null; facebook: string | null; categoryId: number; imageUrl: string | null; businessName: string; contactEmail: string | null; processed: boolean | null; createdAt: Date | null; }'.
27.32   Types of property 'createdAt' are incompatible.
27.32     Type 'Date | null | undefined' is not assignable to type 'Date | null'.
27.32       Type 'undefined' is not assignable to type 'Date | null'.
------
Dockerfile:23
--------------------
  21 |     
  22 |     # Build the application (client and server)
  23 | >>> RUN npm run build
  24 |     
  25 |     # Verify build outputs exist
--------------------
ERROR: failed to build: failed to solve: process "/bin/sh -c npm run build" did not complete successfully: exit code: 2
##########################################
### Error
### Sat, 05 Jul 2025 15:32:45 GMT
##########################################